<?xml version="1.0" encoding="UTF-8"?>
<!-- Generated by org.testng.reporters.JUnitReportReporter -->
<testsuite skipped="0" hostname="LAPTOP-6RD8PM8O" name="title.AmazoneHome" tests="1" failures="0" timestamp="13 Mar 2019 22:45:16 GMT" time="13.804" errors="0">
  <testcase name="test" time="13.804" classname="title.AmazoneHome"/>
</testsuite> <!-- title.AmazoneHome -->
